<?xml version="1.0" encoding="UTF-8"?>
<!-- Generated by org.testng.reporters.JUnitReportReporter -->
<testsuite skipped="0" hostname="Infva06523" name="Day9.Execute2" tests="1" failures="0" timestamp="14 Mar 2019 06:08:25 GMT" time="8.819" errors="0">
  <testcase name="f" time="8.819" classname="Day9.Execute2"/>
</testsuite> <!-- Day9.Execute2 -->
