<?xml version="1.0" encoding="UTF-8"?>
<!-- Generated by org.testng.reporters.JUnitReportReporter -->
<testsuite skipped="0" hostname="Infva06523" name="Day8.ReadProperty" tests="1" failures="0" timestamp="13 Mar 2019 11:25:32 GMT" time="8.719" errors="0">
  <testcase name="Read" time="8.719" classname="Day8.ReadProperty"/>
</testsuite> <!-- Day8.ReadProperty -->
