<?xml version="1.0" encoding="UTF-8"?>
<!-- Generated by org.testng.reporters.JUnitReportReporter -->
<testsuite skipped="0" hostname="Infva06186" name="day4.allAnotation" tests="1" failures="0" timestamp="11 Mar 2019 16:57:55 GMT" time="0.016" errors="0">
  <testcase name="f" time="0.016" classname="day4.allAnotation"/>
</testsuite> <!-- day4.allAnotation -->
