<?xml version="1.0" encoding="UTF-8"?>
<!-- Generated by org.testng.reporters.JUnitReportReporter -->
<testsuite skipped="0" hostname="Infva06523" name="Day7JUnitTesting.Scrolling" tests="1" failures="0" timestamp="13 Mar 2019 07:35:47 GMT" time="34.543" errors="0">
  <testcase name="f" time="34.543" classname="Day7JUnitTesting.Scrolling"/>
</testsuite> <!-- Day7JUnitTesting.Scrolling -->
