<?xml version="1.0" encoding="UTF-8"?>
<!-- Generated by org.testng.reporters.JUnitReportReporter -->
<testsuite skipped="0" hostname="Infva06523" name="Day8.dependsExample" tests="3" failures="0" timestamp="13 Mar 2019 07:35:47 GMT" time="7.198" errors="0">
  <testcase name="f3" time="2.161" classname="Day8.dependsExample"/>
  <testcase name="f1" time="5.007" classname="Day8.dependsExample"/>
  <testcase name="f2" time="0.030" classname="Day8.dependsExample"/>
</testsuite> <!-- Day8.dependsExample -->
