<?xml version="1.0" encoding="UTF-8"?>
<!-- Generated by org.testng.reporters.JUnitReportReporter -->
<testsuite skipped="0" hostname="Infva06523" name="Day9.Execute" tests="2" failures="0" timestamp="14 Mar 2019 04:34:18 GMT" time="83.022" errors="0">
  <testcase name="f2" time="4.337" classname="Day9.Execute"/>
  <testcase name="f1" time="78.685" classname="Day9.Execute"/>
</testsuite> <!-- Day9.Execute -->
