<?xml version="1.0" encoding="UTF-8"?>
<!-- Generated by org.testng.reporters.JUnitReportReporter -->
<testsuite skipped="0" hostname="Infva06523" name="Day9.Hybrid" tests="6" failures="0" timestamp="14 Mar 2019 07:28:59 GMT" time="4.387" errors="0">
  <testcase name="f" time="0.096" classname="Day9.Hybrid"/>
  <testcase name="f" time="3.175" classname="Day9.Hybrid"/>
  <testcase name="f" time="0.436" classname="Day9.Hybrid"/>
  <testcase name="f" time="0.377" classname="Day9.Hybrid"/>
  <testcase name="f" time="0.084" classname="Day9.Hybrid"/>
  <testcase name="f" time="0.219" classname="Day9.Hybrid"/>
</testsuite> <!-- Day9.Hybrid -->
