<?xml version="1.0" encoding="UTF-8"?>
<!-- Generated by org.testng.reporters.JUnitReportReporter -->
<testsuite skipped="0" hostname="Infva06523" name="Day8.Grouping" tests="1" failures="0" timestamp="13 Mar 2019 09:10:14 GMT" time="0.000" errors="0">
  <testcase name="f1" time="0.000" classname="Day8.Grouping"/>
</testsuite> <!-- Day8.Grouping -->
