<?xml version="1.0" encoding="UTF-8"?>
<!-- Generated by org.testng.reporters.JUnitReportReporter -->
<testsuite skipped="0" hostname="Infva06186" name="day4.FirstNG" tests="2" failures="0" timestamp="09 Mar 2019 20:25:36 GMT" time="3.523" errors="0">
  <testcase name="titleTest" time="3.474" classname="day4.FirstNG"/>
  <testcase name="searchBoxTest" time="0.049" classname="day4.FirstNG"/>
</testsuite> <!-- day4.FirstNG -->
