<?xml version="1.0" encoding="UTF-8"?>
<!-- Generated by org.testng.reporters.JUnitReportReporter -->
<testsuite skipped="0" hostname="Infva06523" name="Day8.CheckingLinks" tests="1" failures="0" timestamp="13 Mar 2019 12:50:06 GMT" time="70.818" errors="0">
  <testcase name="f" time="70.818" classname="Day8.CheckingLinks"/>
</testsuite> <!-- Day8.CheckingLinks -->
