<?xml version="1.0" encoding="UTF-8"?>
<!-- Generated by org.testng.reporters.JUnitReportReporter -->
<testsuite skipped="0" hostname="Infva06523" name="Day8.Execute" tests="1" failures="0" timestamp="13 Mar 2019 12:29:52 GMT" time="21.948" errors="0">
  <testcase name="f" time="21.948" classname="Day8.Execute"/>
</testsuite> <!-- Day8.Execute -->
