<?xml version="1.0" encoding="UTF-8"?>
<!-- Generated by org.testng.reporters.JUnitReportReporter -->
<testsuite skipped="0" hostname="Infva06186" name="day5.CookieTest" tests="1" failures="0" timestamp="12 Mar 2019 15:26:39 GMT" time="2.131" errors="0">
  <testcase name="Google" time="2.131" classname="day5.CookieTest"/>
</testsuite> <!-- day5.CookieTest -->
