<?xml version="1.0" encoding="UTF-8"?>
<!-- Generated by org.testng.reporters.JUnitReportReporter -->
<testsuite skipped="0" hostname="Infva07294" name="day5.AlertExample" tests="1" failures="0" timestamp="12 Mar 2019 09:00:55 GMT" time="14.440" errors="0">
  <testcase name="Google" time="14.440" classname="day5.AlertExample"/>
</testsuite> <!-- day5.AlertExample -->
